<?xml version="1.0" encoding="UTF-8"?>
<testng-results ignored="0" total="3" passed="3" failed="0" skipped="0">
  <reporter-output>
  </reporter-output>
  <suite started-at="2022-04-05T13:47:02Z" name="Default suite" finished-at="2022-04-05T13:48:13Z" duration-ms="70694">
    <groups>
    </groups>
    <test started-at="2022-04-05T13:47:02Z" name="Default test" finished-at="2022-04-05T13:48:13Z" duration-ms="70694">
      <class name="com.qa.opencart.test.RegistrationPageTest">
        <test-method is-config="true" signature="setup()[pri:0, instance:com.qa.opencart.test.RegistrationPageTest@72e5a8e]" started-at="2022-04-05T13:47:02Z" name="setup" finished-at="2022-04-05T13:47:09Z" duration-ms="6967" status="PASS">
          <reporter-output>
          </reporter-output>
        </test-method> <!-- setup -->
        <test-method is-config="true" signature="regPageSetUp()[pri:0, instance:com.qa.opencart.test.RegistrationPageTest@72e5a8e]" started-at="2022-04-05T13:47:09Z" name="regPageSetUp" finished-at="2022-04-05T13:47:11Z" duration-ms="2515" status="PASS">
          <reporter-output>
          </reporter-output>
        </test-method> <!-- regPageSetUp -->
        <test-method signature="registrationTest(java.lang.String, java.lang.String, java.lang.String, java.lang.String, java.lang.String)[pri:0, instance:com.qa.opencart.test.RegistrationPageTest@72e5a8e]" started-at="2022-04-05T13:47:13Z" name="registrationTest" data-provider="getRegTestData" finished-at="2022-04-05T13:47:33Z" duration-ms="19992" status="PASS">
          <params>
            <param index="0">
              <value>
                <![CDATA[Amol]]>
              </value>
            </param>
            <param index="1">
              <value>
                <![CDATA[P]]>
              </value>
            </param>
            <param index="2">
              <value>
                <![CDATA[8678912345]]>
              </value>
            </param>
            <param index="3">
              <value>
                <![CDATA[sel@12345]]>
              </value>
            </param>
            <param index="4">
              <value>
                <![CDATA[Yes]]>
              </value>
            </param>
          </params>
          <reporter-output>
          </reporter-output>
        </test-method> <!-- registrationTest -->
        <test-method signature="registrationTest(java.lang.String, java.lang.String, java.lang.String, java.lang.String, java.lang.String)[pri:0, instance:com.qa.opencart.test.RegistrationPageTest@72e5a8e]" started-at="2022-04-05T13:47:33Z" name="registrationTest" data-provider="getRegTestData" finished-at="2022-04-05T13:47:53Z" duration-ms="20093" status="PASS">
          <params>
            <param index="0">
              <value>
                <![CDATA[Patil]]>
              </value>
            </param>
            <param index="1">
              <value>
                <![CDATA[P]]>
              </value>
            </param>
            <param index="2">
              <value>
                <![CDATA[8612345987]]>
              </value>
            </param>
            <param index="3">
              <value>
                <![CDATA[sel@12345]]>
              </value>
            </param>
            <param index="4">
              <value>
                <![CDATA[No]]>
              </value>
            </param>
          </params>
          <reporter-output>
          </reporter-output>
        </test-method> <!-- registrationTest -->
        <test-method signature="registrationTest(java.lang.String, java.lang.String, java.lang.String, java.lang.String, java.lang.String)[pri:0, instance:com.qa.opencart.test.RegistrationPageTest@72e5a8e]" started-at="2022-04-05T13:47:53Z" name="registrationTest" data-provider="getRegTestData" finished-at="2022-04-05T13:48:12Z" duration-ms="19730" status="PASS">
          <params>
            <param index="0">
              <value>
                <![CDATA[Shubham]]>
              </value>
            </param>
            <param index="1">
              <value>
                <![CDATA[R]]>
              </value>
            </param>
            <param index="2">
              <value>
                <![CDATA[7891234586]]>
              </value>
            </param>
            <param index="3">
              <value>
                <![CDATA[sel@12345]]>
              </value>
            </param>
            <param index="4">
              <value>
                <![CDATA[Yes]]>
              </value>
            </param>
          </params>
          <reporter-output>
          </reporter-output>
        </test-method> <!-- registrationTest -->
        <test-method is-config="true" signature="tearDown()[pri:0, instance:com.qa.opencart.test.RegistrationPageTest@72e5a8e]" started-at="2022-04-05T13:48:12Z" name="tearDown" finished-at="2022-04-05T13:48:13Z" duration-ms="257" status="PASS">
          <reporter-output>
          </reporter-output>
        </test-method> <!-- tearDown -->
      </class> <!-- com.qa.opencart.test.RegistrationPageTest -->
    </test> <!-- Default test -->
  </suite> <!-- Default suite -->
</testng-results>
