<?xml version="1.0" encoding="UTF-8"?>
<!-- Generated by org.testng.reporters.JUnitXMLReporter -->
<testsuite ignored="0" hostname="ANILs-MacBook-Air.local" failures="0" tests="3" name="Default test" time="70.694" errors="0" timestamp="05 Apr 2022 13:48:18 GMT">
  <testcase classname="com.qa.opencart.test.RegistrationPageTest" name="registrationTest" time="19.992"/>
  <testcase classname="com.qa.opencart.test.RegistrationPageTest" name="registrationTest" time="20.093"/>
  <testcase classname="com.qa.opencart.test.RegistrationPageTest" name="registrationTest" time="19.73"/>
</testsuite> <!-- Default test -->
