<?xml version="1.0" encoding="UTF-8"?>
<testng-results ignored="0" total="1" passed="1" failed="0" skipped="0">
  <reporter-output>
  </reporter-output>
  <suite started-at="2022-02-03T13:13:26 IST" name="Default suite" finished-at="2022-02-03T13:13:27 IST" duration-ms="727">
    <groups>
    </groups>
    <test started-at="2022-02-03T13:13:26 IST" name="Default test" finished-at="2022-02-03T13:13:27 IST" duration-ms="727">
      <class name="com.qa.test.GetAPITest">
        <test-method is-config="true" signature="setup()[pri:0, instance:com.qa.test.GetAPITest@3745e5c6]" started-at="2022-02-03T13:13:26 IST" name="setup" finished-at="2022-02-03T13:13:26 IST" duration-ms="7" status="PASS">
          <reporter-output>
          </reporter-output>
        </test-method> <!-- setup -->
        <test-method signature="apiTest()[pri:0, instance:com.qa.test.GetAPITest@3745e5c6]" started-at="2022-02-03T13:13:26 IST" name="apiTest" finished-at="2022-02-03T13:13:27 IST" duration-ms="666" status="PASS">
          <reporter-output>
          </reporter-output>
        </test-method> <!-- apiTest -->
      </class> <!-- com.qa.test.GetAPITest -->
    </test> <!-- Default test -->
  </suite> <!-- Default suite -->
</testng-results>
