<?xml version="1.0" encoding="UTF-8"?>
<testng-results ignored="0" total="2" passed="2" failed="0" skipped="0">
  <reporter-output>
  </reporter-output>
  <suite started-at="2021-09-25T20:02:53Z" name="Default suite" finished-at="2021-09-25T20:03:01Z" duration-ms="8215">
    <groups>
    </groups>
    <test started-at="2021-09-25T20:02:53Z" name="Default test" finished-at="2021-09-25T20:03:01Z" duration-ms="8215">
      <class name="testngsession.AmazonTest">
        <test-method is-config="true" signature="setUp()[pri:0, instance:testngsession.AmazonTest@47e2e487]" started-at="2021-09-25T20:02:53Z" name="setUp" finished-at="2021-09-25T20:03:00Z" duration-ms="7585" status="PASS">
          <reporter-output>
          </reporter-output>
        </test-method> <!-- setUp -->
        <test-method signature="TitleTest()[pri:0, instance:testngsession.AmazonTest@47e2e487]" started-at="2021-09-25T20:03:00Z" name="TitleTest" finished-at="2021-09-25T20:03:00Z" duration-ms="67" status="PASS">
          <reporter-output>
          </reporter-output>
        </test-method> <!-- TitleTest -->
        <test-method signature="searchTest()[pri:0, instance:testngsession.AmazonTest@47e2e487]" started-at="2021-09-25T20:03:00Z" name="searchTest" finished-at="2021-09-25T20:03:01Z" duration-ms="213" status="PASS">
          <reporter-output>
          </reporter-output>
        </test-method> <!-- searchTest -->
        <test-method is-config="true" signature="close()[pri:0, instance:testngsession.AmazonTest@47e2e487]" started-at="2021-09-25T20:03:01Z" name="close" finished-at="2021-09-25T20:03:01Z" duration-ms="298" status="PASS">
          <reporter-output>
          </reporter-output>
        </test-method> <!-- close -->
      </class> <!-- testngsession.AmazonTest -->
    </test> <!-- Default test -->
  </suite> <!-- Default suite -->
</testng-results>
