<?xml version="1.0" encoding="UTF-8"?>
<testng-results ignored="0" total="3" passed="3" failed="0" skipped="0">
  <reporter-output>
  </reporter-output>
  <suite started-at="2021-10-28T09:32:30Z" name="Default suite" finished-at="2021-10-28T09:32:31Z" duration-ms="88">
    <groups>
    </groups>
    <test started-at="2021-10-28T09:32:30Z" name="Default test" finished-at="2021-10-28T09:32:31Z" duration-ms="88">
      <class name="com.Apauto.test.Test3">
        <test-method signature="test()[pri:0, instance:com.Apauto.test.Test3@729d991e]" started-at="2021-10-28T09:32:31Z" name="test" finished-at="2021-10-28T09:32:31Z" duration-ms="15" status="PASS">
          <reporter-output>
          </reporter-output>
        </test-method> <!-- test -->
        <test-method signature="testString(java.lang.String)[pri:0, instance:com.Apauto.test.Test3@729d991e]" started-at="2021-10-28T09:32:31Z" name="testString" data-provider="dp" finished-at="2021-10-28T09:32:31Z" duration-ms="1" status="PASS">
          <params>
            <param index="0">
              <value>
                <![CDATA[A]]>
              </value>
            </param>
          </params>
          <reporter-output>
          </reporter-output>
        </test-method> <!-- testString -->
        <test-method signature="testString(java.lang.String)[pri:0, instance:com.Apauto.test.Test3@729d991e]" started-at="2021-10-28T09:32:31Z" name="testString" data-provider="dp" finished-at="2021-10-28T09:32:31Z" duration-ms="2" status="PASS">
          <params>
            <param index="0">
              <value>
                <![CDATA[B]]>
              </value>
            </param>
          </params>
          <reporter-output>
          </reporter-output>
        </test-method> <!-- testString -->
      </class> <!-- com.Apauto.test.Test3 -->
    </test> <!-- Default test -->
  </suite> <!-- Default suite -->
</testng-results>
