<?xml version="1.0" encoding="UTF-8"?>
<!-- Generated by org.testng.reporters.JUnitXMLReporter -->
<testsuite ignored="0" hostname="ANILs-MacBook-Air.local" failures="0" tests="3" name="Default test" time="0.088" errors="0" timestamp="28 Oct 2021 09:32:36 GMT">
  <testcase classname="com.Apauto.test.Test3" name="test" time="0.015"/>
  <testcase classname="com.Apauto.test.Test3" name="testString" time="0.001"/>
  <testcase classname="com.Apauto.test.Test3" name="testString" time="0.002"/>
</testsuite> <!-- Default test -->
