<?xml version="1.0" encoding="UTF-8"?>
<testng-results ignored="0" total="13" passed="13" failed="0" skipped="0">
  <reporter-output>
  </reporter-output>
  <suite started-at="2022-06-13T01:29:51 IST" name="Default suite" finished-at="2022-06-13T01:31:00 IST" duration-ms="69252">
    <groups>
      <group name="cucumber">
        <method signature="AbstractTestNGCucumberTests.runScenario(io.cucumber.testng.PickleWrapper, io.cucumber.testng.FeatureWrapper)[pri:0, instance:testrunner.ParallelRun@7692d9cc]" name="runScenario" class="io.cucumber.testng.AbstractTestNGCucumberTests"/>
      </group> <!-- cucumber -->
    </groups>
    <test started-at="2022-06-13T01:29:51 IST" name="Default test" finished-at="2022-06-13T01:31:00 IST" duration-ms="69252">
      <class name="testrunner.ParallelRun">
        <test-method is-config="true" signature="setUpClass()[pri:0, instance:testrunner.ParallelRun@7692d9cc]" started-at="2022-06-13T01:29:51 IST" name="setUpClass" finished-at="2022-06-13T01:29:52 IST" duration-ms="795" status="PASS">
          <reporter-output>
          </reporter-output>
        </test-method> <!-- setUpClass -->
        <test-method signature="runScenario(io.cucumber.testng.PickleWrapper, io.cucumber.testng.FeatureWrapper)[pri:0, instance:testrunner.ParallelRun@7692d9cc]" started-at="2022-06-13T01:29:52 IST" name="runScenario" description="Runs Cucumber Scenarios" data-provider="scenarios" finished-at="2022-06-13T01:30:40 IST" duration-ms="47948" status="PASS">
          <params>
            <param index="0">
              <value>
                <![CDATA["Contact Us scenario with different set of data"]]>
              </value>
            </param>
            <param index="1">
              <value>
                <![CDATA["Optional[Contact Us Feature]"]]>
              </value>
            </param>
          </params>
          <reporter-output>
          </reporter-output>
        </test-method> <!-- runScenario -->
        <test-method signature="runScenario(io.cucumber.testng.PickleWrapper, io.cucumber.testng.FeatureWrapper)[pri:0, instance:testrunner.ParallelRun@7692d9cc]" started-at="2022-06-13T01:29:52 IST" name="runScenario" description="Runs Cucumber Scenarios" data-provider="scenarios" finished-at="2022-06-13T01:30:40 IST" duration-ms="47615" status="PASS">
          <params>
            <param index="0">
              <value>
                <![CDATA["Contact Us scenario with different set of data"]]>
              </value>
            </param>
            <param index="1">
              <value>
                <![CDATA["Optional[Contact Us Feature]"]]>
              </value>
            </param>
          </params>
          <reporter-output>
          </reporter-output>
        </test-method> <!-- runScenario -->
        <test-method signature="runScenario(io.cucumber.testng.PickleWrapper, io.cucumber.testng.FeatureWrapper)[pri:0, instance:testrunner.ParallelRun@7692d9cc]" started-at="2022-06-13T01:29:52 IST" name="runScenario" description="Runs Cucumber Scenarios" data-provider="scenarios" finished-at="2022-06-13T01:30:40 IST" duration-ms="47995" status="PASS">
          <params>
            <param index="0">
              <value>
                <![CDATA["Contact Us scenario with different set of data"]]>
              </value>
            </param>
            <param index="1">
              <value>
                <![CDATA["Optional[Contact Us Feature]"]]>
              </value>
            </param>
          </params>
          <reporter-output>
          </reporter-output>
        </test-method> <!-- runScenario -->
        <test-method signature="runScenario(io.cucumber.testng.PickleWrapper, io.cucumber.testng.FeatureWrapper)[pri:0, instance:testrunner.ParallelRun@7692d9cc]" started-at="2022-06-13T01:29:52 IST" name="runScenario" description="Runs Cucumber Scenarios" data-provider="scenarios" finished-at="2022-06-13T01:30:34 IST" duration-ms="42159" status="PASS">
          <params>
            <param index="0">
              <value>
                <![CDATA["Accounts section count"]]>
              </value>
            </param>
            <param index="1">
              <value>
                <![CDATA["Optional[Account Page Feature]"]]>
              </value>
            </param>
          </params>
          <reporter-output>
          </reporter-output>
        </test-method> <!-- runScenario -->
        <test-method signature="runScenario(io.cucumber.testng.PickleWrapper, io.cucumber.testng.FeatureWrapper)[pri:0, instance:testrunner.ParallelRun@7692d9cc]" started-at="2022-06-13T01:29:52 IST" name="runScenario" description="Runs Cucumber Scenarios" data-provider="scenarios" finished-at="2022-06-13T01:30:40 IST" duration-ms="47633" status="PASS">
          <params>
            <param index="0">
              <value>
                <![CDATA["Contact Us scenario with different set of data"]]>
              </value>
            </param>
            <param index="1">
              <value>
                <![CDATA["Optional[Contact Us Feature]"]]>
              </value>
            </param>
          </params>
          <reporter-output>
          </reporter-output>
        </test-method> <!-- runScenario -->
        <test-method signature="runScenario(io.cucumber.testng.PickleWrapper, io.cucumber.testng.FeatureWrapper)[pri:0, instance:testrunner.ParallelRun@7692d9cc]" started-at="2022-06-13T01:29:52 IST" name="runScenario" description="Runs Cucumber Scenarios" data-provider="scenarios" finished-at="2022-06-13T01:30:32 IST" duration-ms="40600" status="PASS">
          <params>
            <param index="0">
              <value>
                <![CDATA["Accounts page title"]]>
              </value>
            </param>
            <param index="1">
              <value>
                <![CDATA["Optional[Account Page Feature]"]]>
              </value>
            </param>
          </params>
          <reporter-output>
          </reporter-output>
        </test-method> <!-- runScenario -->
        <test-method signature="runScenario(io.cucumber.testng.PickleWrapper, io.cucumber.testng.FeatureWrapper)[pri:0, instance:testrunner.ParallelRun@7692d9cc]" started-at="2022-06-13T01:29:52 IST" name="runScenario" description="Runs Cucumber Scenarios" data-provider="scenarios" finished-at="2022-06-13T01:30:39 IST" duration-ms="46925" status="PASS">
          <params>
            <param index="0">
              <value>
                <![CDATA["Contact Us scenario with different set of data"]]>
              </value>
            </param>
            <param index="1">
              <value>
                <![CDATA["Optional[Contact Us Feature]"]]>
              </value>
            </param>
          </params>
          <reporter-output>
          </reporter-output>
        </test-method> <!-- runScenario -->
        <test-method signature="runScenario(io.cucumber.testng.PickleWrapper, io.cucumber.testng.FeatureWrapper)[pri:0, instance:testrunner.ParallelRun@7692d9cc]" started-at="2022-06-13T01:29:52 IST" name="runScenario" description="Runs Cucumber Scenarios" data-provider="scenarios" finished-at="2022-06-13T01:30:54 IST" duration-ms="62501" status="PASS">
          <params>
            <param index="0">
              <value>
                <![CDATA["Contact Us scenario with different set of data"]]>
              </value>
            </param>
            <param index="1">
              <value>
                <![CDATA["Optional[Contact Us Feature]"]]>
              </value>
            </param>
          </params>
          <reporter-output>
          </reporter-output>
        </test-method> <!-- runScenario -->
        <test-method signature="runScenario(io.cucumber.testng.PickleWrapper, io.cucumber.testng.FeatureWrapper)[pri:0, instance:testrunner.ParallelRun@7692d9cc]" started-at="2022-06-13T01:29:52 IST" name="runScenario" description="Runs Cucumber Scenarios" data-provider="scenarios" finished-at="2022-06-13T01:30:25 IST" duration-ms="33061" status="PASS">
          <params>
            <param index="0">
              <value>
                <![CDATA["Login page title"]]>
              </value>
            </param>
            <param index="1">
              <value>
                <![CDATA["Optional[Login page feature]"]]>
              </value>
            </param>
          </params>
          <reporter-output>
          </reporter-output>
        </test-method> <!-- runScenario -->
        <test-method signature="runScenario(io.cucumber.testng.PickleWrapper, io.cucumber.testng.FeatureWrapper)[pri:0, instance:testrunner.ParallelRun@7692d9cc]" started-at="2022-06-13T01:29:52 IST" name="runScenario" description="Runs Cucumber Scenarios" data-provider="scenarios" finished-at="2022-06-13T01:30:25 IST" duration-ms="32664" status="PASS">
          <params>
            <param index="0">
              <value>
                <![CDATA["Forgot Password link"]]>
              </value>
            </param>
            <param index="1">
              <value>
                <![CDATA["Optional[Login page feature]"]]>
              </value>
            </param>
          </params>
          <reporter-output>
          </reporter-output>
        </test-method> <!-- runScenario -->
        <test-method signature="runScenario(io.cucumber.testng.PickleWrapper, io.cucumber.testng.FeatureWrapper)[pri:0, instance:testrunner.ParallelRun@7692d9cc]" started-at="2022-06-13T01:30:25 IST" name="runScenario" description="Runs Cucumber Scenarios" data-provider="scenarios" finished-at="2022-06-13T01:30:55 IST" duration-ms="30218" status="PASS">
          <params>
            <param index="0">
              <value>
                <![CDATA["Login with correct credentials"]]>
              </value>
            </param>
            <param index="1">
              <value>
                <![CDATA["Optional[Login page feature]"]]>
              </value>
            </param>
          </params>
          <reporter-output>
          </reporter-output>
        </test-method> <!-- runScenario -->
        <test-method signature="runScenario(io.cucumber.testng.PickleWrapper, io.cucumber.testng.FeatureWrapper)[pri:0, instance:testrunner.ParallelRun@7692d9cc]" started-at="2022-06-13T01:30:25 IST" name="runScenario" description="Runs Cucumber Scenarios" data-provider="scenarios" finished-at="2022-06-13T01:30:55 IST" duration-ms="30486" status="PASS">
          <params>
            <param index="0">
              <value>
                <![CDATA["Accounts page title"]]>
              </value>
            </param>
            <param index="1">
              <value>
                <![CDATA["Optional[Account Page Feature]"]]>
              </value>
            </param>
          </params>
          <reporter-output>
          </reporter-output>
        </test-method> <!-- runScenario -->
        <test-method signature="runScenario(io.cucumber.testng.PickleWrapper, io.cucumber.testng.FeatureWrapper)[pri:0, instance:testrunner.ParallelRun@7692d9cc]" started-at="2022-06-13T01:30:32 IST" name="runScenario" description="Runs Cucumber Scenarios" data-provider="scenarios" finished-at="2022-06-13T01:30:56 IST" duration-ms="23033" status="PASS">
          <params>
            <param index="0">
              <value>
                <![CDATA["Accounts section count"]]>
              </value>
            </param>
            <param index="1">
              <value>
                <![CDATA["Optional[Account Page Feature]"]]>
              </value>
            </param>
          </params>
          <reporter-output>
          </reporter-output>
        </test-method> <!-- runScenario -->
        <test-method is-config="true" signature="tearDownClass()[pri:0, instance:testrunner.ParallelRun@7692d9cc]" started-at="2022-06-13T01:30:56 IST" name="tearDownClass" finished-at="2022-06-13T01:31:00 IST" duration-ms="4774" status="PASS">
          <reporter-output>
          </reporter-output>
        </test-method> <!-- tearDownClass -->
      </class> <!-- testrunner.ParallelRun -->
    </test> <!-- Default test -->
  </suite> <!-- Default suite -->
</testng-results>
