<?xml version="1.0" encoding="UTF-8"?>
<!-- Generated by org.testng.reporters.JUnitXMLReporter -->
<testsuite ignored="0" hostname="ANILs-MacBook-Air.local" failures="0" tests="5" name="Default test" time="10.528" errors="0" timestamp="02 Oct 2021 12:35:04 GMT">
  <testcase classname="com.qa.opencart.Test.LoginPageTest" name="forgotPwdLinkTest" time="0.136"/>
  <testcase classname="com.qa.opencart.Test.LoginPageTest" name="loginPageTileTest" time="0.008"/>
  <testcase classname="com.qa.opencart.Test.LoginPageTest" name="loginPageUrlTest" time="0.01"/>
  <testcase classname="com.qa.opencart.Test.LoginPageTest" name="loginTest" time="1.917"/>
  <testcase classname="com.qa.opencart.Test.LoginPageTest" name="registerLinkTest" time="0.083"/>
</testsuite> <!-- Default test -->
