<?xml version="1.0" encoding="UTF-8"?>
<testng-results ignored="0" total="5" passed="5" failed="0" skipped="0">
  <reporter-output>
  </reporter-output>
  <suite started-at="2021-10-02T12:34:49Z" name="Default suite" finished-at="2021-10-02T12:34:59Z" duration-ms="10528">
    <groups>
    </groups>
    <test started-at="2021-10-02T12:34:49Z" name="Default test" finished-at="2021-10-02T12:34:59Z" duration-ms="10528">
      <class name="com.qa.opencart.Test.LoginPageTest">
        <test-method is-config="true" signature="setUp()[pri:0, instance:com.qa.opencart.Test.LoginPageTest@659499f1]" started-at="2021-10-02T12:34:49Z" name="setUp" finished-at="2021-10-02T12:34:57Z" duration-ms="8173" status="PASS">
          <reporter-output>
          </reporter-output>
        </test-method> <!-- setUp -->
        <test-method signature="forgotPwdLinkTest()[pri:0, instance:com.qa.opencart.Test.LoginPageTest@659499f1]" started-at="2021-10-02T12:34:57Z" name="forgotPwdLinkTest" finished-at="2021-10-02T12:34:57Z" duration-ms="136" status="PASS">
          <reporter-output>
          </reporter-output>
        </test-method> <!-- forgotPwdLinkTest -->
        <test-method signature="loginPageTileTest()[pri:0, instance:com.qa.opencart.Test.LoginPageTest@659499f1]" started-at="2021-10-02T12:34:57Z" name="loginPageTileTest" finished-at="2021-10-02T12:34:57Z" duration-ms="8" status="PASS">
          <reporter-output>
          </reporter-output>
        </test-method> <!-- loginPageTileTest -->
        <test-method signature="loginPageUrlTest()[pri:0, instance:com.qa.opencart.Test.LoginPageTest@659499f1]" started-at="2021-10-02T12:34:57Z" name="loginPageUrlTest" finished-at="2021-10-02T12:34:57Z" duration-ms="10" status="PASS">
          <reporter-output>
          </reporter-output>
        </test-method> <!-- loginPageUrlTest -->
        <test-method signature="loginTest()[pri:0, instance:com.qa.opencart.Test.LoginPageTest@659499f1]" started-at="2021-10-02T12:34:57Z" name="loginTest" finished-at="2021-10-02T12:34:59Z" duration-ms="1917" status="PASS">
          <reporter-output>
          </reporter-output>
        </test-method> <!-- loginTest -->
        <test-method signature="registerLinkTest()[pri:0, instance:com.qa.opencart.Test.LoginPageTest@659499f1]" started-at="2021-10-02T12:34:59Z" name="registerLinkTest" finished-at="2021-10-02T12:34:59Z" duration-ms="83" status="PASS">
          <reporter-output>
          </reporter-output>
        </test-method> <!-- registerLinkTest -->
        <test-method is-config="true" signature="tearDown()[pri:0, instance:com.qa.opencart.Test.LoginPageTest@659499f1]" started-at="2021-10-02T12:34:59Z" name="tearDown" finished-at="2021-10-02T12:34:59Z" duration-ms="160" status="PASS">
          <reporter-output>
          </reporter-output>
        </test-method> <!-- tearDown -->
      </class> <!-- com.qa.opencart.Test.LoginPageTest -->
    </test> <!-- Default test -->
  </suite> <!-- Default suite -->
</testng-results>
